==46812== Memcheck, a memory error detector
==46812== Copyright (C) 2002-2017, and GNU GPL'd, by Julian Seward et al.
==46812== Using Valgrind-3.18.1 and LibVEX; rerun with -h for copyright info
==46812== Command: ./cub3D maps/test1.cub
==46812== Parent PID: 44660
==46812== 
==46812== 
==46812== HEAP SUMMARY:
==46812==     in use at exit: 160 bytes in 1 blocks
==46812==   total heap usage: 33 allocs, 32 frees, 1,045 bytes allocated
==46812== 
==46812== 160 bytes in 1 blocks are definitely lost in loss record 1 of 1
==46812==    at 0x4848899: malloc (in /usr/libexec/valgrind/vgpreload_memcheck-amd64-linux.so)
==46812==    by 0x112769: ft_calloc (ft_calloc.c:27)
==46812==    by 0x10F6A7: ft_realloc (parsing_utils.c:54)
==46812==    by 0x11152B: split_map (parsing_2.c:58)
==46812==    by 0x111188: parse (parsing.c:80)
==46812==    by 0x10F882: main (cub3d.c:57)
==46812== 
{
   <insert_a_suppression_name_here>
   Memcheck:Leak
   match-leak-kinds: definite
   fun:malloc
   fun:ft_calloc
   fun:ft_realloc
   fun:split_map
   fun:parse
   fun:main
}
==46812== LEAK SUMMARY:
==46812==    definitely lost: 160 bytes in 1 blocks
==46812==    indirectly lost: 0 bytes in 0 blocks
==46812==      possibly lost: 0 bytes in 0 blocks
==46812==    still reachable: 0 bytes in 0 blocks
==46812==         suppressed: 0 bytes in 0 blocks
==46812== 
==46812== For lists of detected and suppressed errors, rerun with: -s
==46812== ERROR SUMMARY: 1 errors from 1 contexts (suppressed: 0 from 0)
